<?xml version="1.0" encoding="utf-8"?><testsuites name="pytest tests"><testsuite name="pytest" errors="0" failures="0" skipped="0" tests="6" time="4.724" timestamp="2026-04-26T15:29:20.232979+00:00" hostname="agent-env-9f6bbf7c-a203-4444-963b-cd1919a5f05c"><testcase classname="backend.tests.backend_test.TestHealth" name="test_root" time="0.275" /><testcase classname="backend.tests.backend_test.TestContact" name="test_create_and_list_contact" time="0.119" /><testcase classname="backend.tests.backend_test.TestContact" name="test_contact_invalid_email" time="0.046" /><testcase classname="backend.tests.backend_test.TestChat" name="test_chat_message" time="3.007" /><testcase classname="backend.tests.backend_test.TestChat" name="test_chat_history" time="1.050" /><testcase classname="backend.tests.backend_test.TestChat" name="test_chat_lead_create_and_list" time="0.111" /></testsuite></testsuites>